2019-08-17 20:25:56.951 -03:00 [Information] User profile is available. Using '"C:\Users\Walter\AppData\Local\ASP.NET\DataProtection-Keys"' as key repository and Windows DPAPI to encrypt keys at rest.
2019-08-17 20:26:01.784 -03:00 [Information] Request starting HTTP/1.1 GET http://localhost:5000/  
2019-08-17 20:26:02.729 -03:00 [Information] Request finished in 1007.7155ms 404 
2019-08-17 20:27:21.466 -03:00 [Information] Request starting HTTP/1.1 GET http://localhost:5000/api/customers  
2019-08-17 20:27:21.559 -03:00 [Information] Request finished in 93.1225ms 404 
2019-08-17 20:27:27.650 -03:00 [Information] Request starting HTTP/1.1 GET http://localhost:5000/api/  
2019-08-17 20:27:28.005 -03:00 [Information] Request finished in 354.2745ms 404 
2019-08-17 20:27:37.643 -03:00 [Information] Request starting HTTP/1.1 GET http://localhost:5000/api/Customers  
2019-08-17 20:27:37.646 -03:00 [Information] Request finished in 3.0095ms 404 
2019-08-17 20:28:13.331 -03:00 [Information] Request starting HTTP/1.1 GET http://localhost:5000/api/customer  
2019-08-17 20:28:13.331 -03:00 [Information] Request finished in 0.2621ms 404 
2019-08-17 20:28:24.348 -03:00 [Information] Request starting HTTP/1.1 GET http://localhost:5000/api/customers  
2019-08-17 20:28:24.348 -03:00 [Information] Request finished in 0.2785ms 404 
2019-08-17 20:28:31.263 -03:00 [Information] Request starting HTTP/1.1 POST http://localhost:5000/api/customers  0
2019-08-17 20:29:15.295 -03:00 [Information] Executed action "Ativ5.WebApi.UseCases.Register.CustomersController.Post (Ativ5.WebApi)" in 42443.3966ms
2019-08-17 20:29:15.318 -03:00 [Error] An unhandled exception has occurred while executing the request
Autofac.Core.DependencyResolutionException: An error occurred during the activation of a particular registration. See the inner exception for details. Registration: Activator = RegisterInteractor (ReflectionActivator), Services = [Ativ5.Application.IInputBoundary`1[[Ativ5.Application.UseCases.Register.RegisterInput, Ativ5.Application, Version=1.0.0.0, Culture=neutral, PublicKeyToken=null]]], Lifetime = Autofac.Core.Lifetime.CurrentScopeLifetime, Sharing = Shared, Ownership = OwnedByLifetimeScope ---> An error occurred during the activation of a particular registration. See the inner exception for details. Registration: Activator = CustomerRepository (ReflectionActivator), Services = [Ativ5.Application.Repositories.ICustomerReadOnlyRepository, Ativ5.Application.Repositories.ICustomerWriteOnlyRepository], Lifetime = Autofac.Core.Lifetime.CurrentScopeLifetime, Sharing = Shared, Ownership = OwnedByLifetimeScope ---> An error occurred during the activation of a particular registration. See the inner exception for details. Registration: Activator = Context (ReflectionActivator), Services = [Ativ5.Infrastructure.MongoDataAccess.Context], Lifetime = Autofac.Core.Lifetime.RootScopeLifetime, Sharing = Shared, Ownership = OwnedByLifetimeScope ---> An exception was thrown while invoking the constructor 'Void .ctor(System.String, System.String)' on type 'Context'. ---> An item with the same key has already been added. Key: Ativ5.Domain.Baskets.Book (See inner exception for details.) (See inner exception for details.) (See inner exception for details.) (See inner exception for details.) ---> Autofac.Core.DependencyResolutionException: An error occurred during the activation of a particular registration. See the inner exception for details. Registration: Activator = CustomerRepository (ReflectionActivator), Services = [Ativ5.Application.Repositories.ICustomerReadOnlyRepository, Ativ5.Application.Repositories.ICustomerWriteOnlyRepository], Lifetime = Autofac.Core.Lifetime.CurrentScopeLifetime, Sharing = Shared, Ownership = OwnedByLifetimeScope ---> An error occurred during the activation of a particular registration. See the inner exception for details. Registration: Activator = Context (ReflectionActivator), Services = [Ativ5.Infrastructure.MongoDataAccess.Context], Lifetime = Autofac.Core.Lifetime.RootScopeLifetime, Sharing = Shared, Ownership = OwnedByLifetimeScope ---> An exception was thrown while invoking the constructor 'Void .ctor(System.String, System.String)' on type 'Context'. ---> An item with the same key has already been added. Key: Ativ5.Domain.Baskets.Book (See inner exception for details.) (See inner exception for details.) (See inner exception for details.) ---> Autofac.Core.DependencyResolutionException: An error occurred during the activation of a particular registration. See the inner exception for details. Registration: Activator = Context (ReflectionActivator), Services = [Ativ5.Infrastructure.MongoDataAccess.Context], Lifetime = Autofac.Core.Lifetime.RootScopeLifetime, Sharing = Shared, Ownership = OwnedByLifetimeScope ---> An exception was thrown while invoking the constructor 'Void .ctor(System.String, System.String)' on type 'Context'. ---> An item with the same key has already been added. Key: Ativ5.Domain.Baskets.Book (See inner exception for details.) (See inner exception for details.) ---> Autofac.Core.DependencyResolutionException: An exception was thrown while invoking the constructor 'Void .ctor(System.String, System.String)' on type 'Context'. ---> An item with the same key has already been added. Key: Ativ5.Domain.Baskets.Book (See inner exception for details.) ---> System.ArgumentException: An item with the same key has already been added. Key: Ativ5.Domain.Baskets.Book
   at System.Collections.Generic.Dictionary`2.TryInsert(TKey key, TValue value, InsertionBehavior behavior)
   at MongoDB.Bson.Serialization.BsonClassMap.RegisterClassMap(BsonClassMap classMap)
   at MongoDB.Bson.Serialization.BsonClassMap.RegisterClassMap[TClass](Action`1 classMapInitializer)
   at Ativ5.Infrastructure.MongoDataAccess.Context.Map() in E:\Library\Desktop\PosPuc\APA\Projeto\Ativ5\Ativ5.Infrastructure\MongoDataAccess\Context.cs:line 80
   at Ativ5.Infrastructure.MongoDataAccess.Context..ctor(String connectionString, String databaseName) in E:\Library\Desktop\PosPuc\APA\Projeto\Ativ5\Ativ5.Infrastructure\MongoDataAccess\Context.cs:line 18
   at lambda_method(Closure , Object[] )
   at Autofac.Core.Activators.Reflection.ConstructorParameterBinding.Instantiate()
   --- End of inner exception stack trace ---
   at Autofac.Core.Activators.Reflection.ConstructorParameterBinding.Instantiate()
   at Autofac.Core.Activators.Reflection.ReflectionActivator.ActivateInstance(IComponentContext context, IEnumerable`1 parameters)
   at Autofac.Core.Resolving.InstanceLookup.Activate(IEnumerable`1 parameters)
   --- End of inner exception stack trace ---
   at Autofac.Core.Resolving.InstanceLookup.Activate(IEnumerable`1 parameters)
   at Autofac.Core.Lifetime.LifetimeScope.GetOrCreateAndShare(Guid id, Func`1 creator)
   at Autofac.Core.Resolving.InstanceLookup.Execute()
   at Autofac.Core.Resolving.ResolveOperation.GetOrCreateInstance(ISharingLifetimeScope currentOperationScope, IComponentRegistration registration, IEnumerable`1 parameters)
   at Autofac.Core.Activators.Reflection.ConstructorParameterBinding.Instantiate()
   at Autofac.Core.Activators.Reflection.ReflectionActivator.ActivateInstance(IComponentContext context, IEnumerable`1 parameters)
   at Autofac.Core.Resolving.InstanceLookup.Activate(IEnumerable`1 parameters)
   --- End of inner exception stack trace ---
   at Autofac.Core.Resolving.InstanceLookup.Activate(IEnumerable`1 parameters)
   at Autofac.Core.Lifetime.LifetimeScope.GetOrCreateAndShare(Guid id, Func`1 creator)
   at Autofac.Core.Resolving.InstanceLookup.Execute()
   at Autofac.Core.Resolving.ResolveOperation.GetOrCreateInstance(ISharingLifetimeScope currentOperationScope, IComponentRegistration registration, IEnumerable`1 parameters)
   at Autofac.Core.Activators.Reflection.ConstructorParameterBinding.Instantiate()
   at Autofac.Core.Activators.Reflection.ReflectionActivator.ActivateInstance(IComponentContext context, IEnumerable`1 parameters)
   at Autofac.Core.Resolving.InstanceLookup.Activate(IEnumerable`1 parameters)
   --- End of inner exception stack trace ---
   at Autofac.Core.Resolving.InstanceLookup.Activate(IEnumerable`1 parameters)
   at Autofac.Core.Lifetime.LifetimeScope.GetOrCreateAndShare(Guid id, Func`1 creator)
   at Autofac.Core.Resolving.InstanceLookup.Execute()
   at Autofac.Core.Resolving.ResolveOperation.GetOrCreateInstance(ISharingLifetimeScope currentOperationScope, IComponentRegistration registration, IEnumerable`1 parameters)
   at Autofac.Core.Resolving.ResolveOperation.Execute(IComponentRegistration registration, IEnumerable`1 parameters)
   at Autofac.ResolutionExtensions.TryResolveService(IComponentContext context, Service service, IEnumerable`1 parameters, Object& instance)
   at Autofac.ResolutionExtensions.ResolveOptionalService(IComponentContext context, Service service, IEnumerable`1 parameters)
   at Microsoft.Extensions.Internal.ActivatorUtilities.GetService(IServiceProvider sp, Type type, Type requiredBy, Boolean isDefaultParameterRequired)
   at lambda_method(Closure , IServiceProvider , Object[] )
   at Microsoft.AspNetCore.Mvc.Controllers.ControllerFactoryProvider.<>c__DisplayClass5_0.<CreateControllerFactory>g__CreateController0(ControllerContext controllerContext)
   at Microsoft.AspNetCore.Mvc.Internal.ControllerActionInvoker.Next(State& next, Scope& scope, Object& state, Boolean& isCompleted)
   at Microsoft.AspNetCore.Mvc.Internal.ControllerActionInvoker.InvokeInnerFilterAsync()
   at Microsoft.AspNetCore.Mvc.Internal.ResourceInvoker.InvokeNextExceptionFilterAsync()
   at Microsoft.AspNetCore.Mvc.Internal.ResourceInvoker.Rethrow(ExceptionContext context)
   at Microsoft.AspNetCore.Mvc.Internal.ResourceInvoker.Next(State& next, Scope& scope, Object& state, Boolean& isCompleted)
   at Microsoft.AspNetCore.Mvc.Internal.ResourceInvoker.InvokeNextResourceFilter()
   at Microsoft.AspNetCore.Mvc.Internal.ResourceInvoker.Rethrow(ResourceExecutedContext context)
   at Microsoft.AspNetCore.Mvc.Internal.ResourceInvoker.Next(State& next, Scope& scope, Object& state, Boolean& isCompleted)
   at Microsoft.AspNetCore.Mvc.Internal.ResourceInvoker.InvokeFilterPipelineAsync()
   at Microsoft.AspNetCore.Mvc.Internal.ResourceInvoker.InvokeAsync()
   at Microsoft.AspNetCore.Builder.RouterMiddleware.Invoke(HttpContext httpContext)
   at Microsoft.AspNetCore.Cors.Infrastructure.CorsMiddleware.Invoke(HttpContext context)
   at Microsoft.AspNetCore.Diagnostics.DeveloperExceptionPageMiddleware.Invoke(HttpContext context)
2019-08-17 20:29:16.245 -03:00 [Information] Request finished in 44981.6956ms 500 text/html; charset=utf-8
2019-08-17 20:29:51.085 -03:00 [Information] Request starting HTTP/1.1 GET http://localhost:5000/api/customers  
2019-08-17 20:29:51.090 -03:00 [Information] Request finished in 5.0851ms 404 
2019-08-17 20:30:00.668 -03:00 [Information] Request starting HTTP/1.1 GET http://localhost:5000/api/baskets  
2019-08-17 20:30:00.668 -03:00 [Information] Request finished in 0.2458ms 404 
2019-08-17 20:33:42.415 -03:00 [Information] Request starting HTTP/1.1 POST http://localhost:5000/api/customers application/json 46
2019-08-17 20:34:23.951 -03:00 [Information] Request starting HTTP/1.1 POST http://localhost:5000/api/customers application/json 46
2019-08-17 20:34:24.021 -03:00 [Information] Executed action "Ativ5.WebApi.UseCases.Register.CustomersController.Post (Ativ5.WebApi)" in 41594.4391ms
2019-08-17 20:34:24.024 -03:00 [Error] An unhandled exception has occurred while executing the request
Autofac.Core.DependencyResolutionException: An error occurred during the activation of a particular registration. See the inner exception for details. Registration: Activator = RegisterInteractor (ReflectionActivator), Services = [Ativ5.Application.IInputBoundary`1[[Ativ5.Application.UseCases.Register.RegisterInput, Ativ5.Application, Version=1.0.0.0, Culture=neutral, PublicKeyToken=null]]], Lifetime = Autofac.Core.Lifetime.CurrentScopeLifetime, Sharing = Shared, Ownership = OwnedByLifetimeScope ---> An error occurred during the activation of a particular registration. See the inner exception for details. Registration: Activator = CustomerRepository (ReflectionActivator), Services = [Ativ5.Application.Repositories.ICustomerReadOnlyRepository, Ativ5.Application.Repositories.ICustomerWriteOnlyRepository], Lifetime = Autofac.Core.Lifetime.CurrentScopeLifetime, Sharing = Shared, Ownership = OwnedByLifetimeScope ---> An error occurred during the activation of a particular registration. See the inner exception for details. Registration: Activator = Context (ReflectionActivator), Services = [Ativ5.Infrastructure.MongoDataAccess.Context], Lifetime = Autofac.Core.Lifetime.RootScopeLifetime, Sharing = Shared, Ownership = OwnedByLifetimeScope ---> An exception was thrown while invoking the constructor 'Void .ctor(System.String, System.String)' on type 'Context'. ---> An item with the same key has already been added. Key: Ativ5.Domain.Entity (See inner exception for details.) (See inner exception for details.) (See inner exception for details.) (See inner exception for details.) ---> Autofac.Core.DependencyResolutionException: An error occurred during the activation of a particular registration. See the inner exception for details. Registration: Activator = CustomerRepository (ReflectionActivator), Services = [Ativ5.Application.Repositories.ICustomerReadOnlyRepository, Ativ5.Application.Repositories.ICustomerWriteOnlyRepository], Lifetime = Autofac.Core.Lifetime.CurrentScopeLifetime, Sharing = Shared, Ownership = OwnedByLifetimeScope ---> An error occurred during the activation of a particular registration. See the inner exception for details. Registration: Activator = Context (ReflectionActivator), Services = [Ativ5.Infrastructure.MongoDataAccess.Context], Lifetime = Autofac.Core.Lifetime.RootScopeLifetime, Sharing = Shared, Ownership = OwnedByLifetimeScope ---> An exception was thrown while invoking the constructor 'Void .ctor(System.String, System.String)' on type 'Context'. ---> An item with the same key has already been added. Key: Ativ5.Domain.Entity (See inner exception for details.) (See inner exception for details.) (See inner exception for details.) ---> Autofac.Core.DependencyResolutionException: An error occurred during the activation of a particular registration. See the inner exception for details. Registration: Activator = Context (ReflectionActivator), Services = [Ativ5.Infrastructure.MongoDataAccess.Context], Lifetime = Autofac.Core.Lifetime.RootScopeLifetime, Sharing = Shared, Ownership = OwnedByLifetimeScope ---> An exception was thrown while invoking the constructor 'Void .ctor(System.String, System.String)' on type 'Context'. ---> An item with the same key has already been added. Key: Ativ5.Domain.Entity (See inner exception for details.) (See inner exception for details.) ---> Autofac.Core.DependencyResolutionException: An exception was thrown while invoking the constructor 'Void .ctor(System.String, System.String)' on type 'Context'. ---> An item with the same key has already been added. Key: Ativ5.Domain.Entity (See inner exception for details.) ---> System.ArgumentException: An item with the same key has already been added. Key: Ativ5.Domain.Entity
   at System.Collections.Generic.Dictionary`2.TryInsert(TKey key, TValue value, InsertionBehavior behavior)
   at MongoDB.Bson.Serialization.BsonClassMap.RegisterClassMap(BsonClassMap classMap)
   at MongoDB.Bson.Serialization.BsonClassMap.RegisterClassMap[TClass](Action`1 classMapInitializer)
   at Ativ5.Infrastructure.MongoDataAccess.Context.Map() in E:\Library\Desktop\PosPuc\APA\Projeto\Ativ5\Ativ5.Infrastructure\MongoDataAccess\Context.cs:line 55
   at Ativ5.Infrastructure.MongoDataAccess.Context..ctor(String connectionString, String databaseName) in E:\Library\Desktop\PosPuc\APA\Projeto\Ativ5\Ativ5.Infrastructure\MongoDataAccess\Context.cs:line 18
   at lambda_method(Closure , Object[] )
   at Autofac.Core.Activators.Reflection.ConstructorParameterBinding.Instantiate()
   --- End of inner exception stack trace ---
   at Autofac.Core.Activators.Reflection.ConstructorParameterBinding.Instantiate()
   at Autofac.Core.Activators.Reflection.ReflectionActivator.ActivateInstance(IComponentContext context, IEnumerable`1 parameters)
   at Autofac.Core.Resolving.InstanceLookup.Activate(IEnumerable`1 parameters)
   --- End of inner exception stack trace ---
   at Autofac.Core.Resolving.InstanceLookup.Activate(IEnumerable`1 parameters)
   at Autofac.Core.Lifetime.LifetimeScope.GetOrCreateAndShare(Guid id, Func`1 creator)
   at Autofac.Core.Resolving.InstanceLookup.Execute()
   at Autofac.Core.Resolving.ResolveOperation.GetOrCreateInstance(ISharingLifetimeScope currentOperationScope, IComponentRegistration registration, IEnumerable`1 parameters)
   at Autofac.Core.Activators.Reflection.ConstructorParameterBinding.Instantiate()
   at Autofac.Core.Activators.Reflection.ReflectionActivator.ActivateInstance(IComponentContext context, IEnumerable`1 parameters)
   at Autofac.Core.Resolving.InstanceLookup.Activate(IEnumerable`1 parameters)
   --- End of inner exception stack trace ---
   at Autofac.Core.Resolving.InstanceLookup.Activate(IEnumerable`1 parameters)
   at Autofac.Core.Lifetime.LifetimeScope.GetOrCreateAndShare(Guid id, Func`1 creator)
   at Autofac.Core.Resolving.InstanceLookup.Execute()
   at Autofac.Core.Resolving.ResolveOperation.GetOrCreateInstance(ISharingLifetimeScope currentOperationScope, IComponentRegistration registration, IEnumerable`1 parameters)
   at Autofac.Core.Activators.Reflection.ConstructorParameterBinding.Instantiate()
   at Autofac.Core.Activators.Reflection.ReflectionActivator.ActivateInstance(IComponentContext context, IEnumerable`1 parameters)
   at Autofac.Core.Resolving.InstanceLookup.Activate(IEnumerable`1 parameters)
   --- End of inner exception stack trace ---
   at Autofac.Core.Resolving.InstanceLookup.Activate(IEnumerable`1 parameters)
   at Autofac.Core.Lifetime.LifetimeScope.GetOrCreateAndShare(Guid id, Func`1 creator)
   at Autofac.Core.Resolving.InstanceLookup.Execute()
   at Autofac.Core.Resolving.ResolveOperation.GetOrCreateInstance(ISharingLifetimeScope currentOperationScope, IComponentRegistration registration, IEnumerable`1 parameters)
   at Autofac.Core.Resolving.ResolveOperation.Execute(IComponentRegistration registration, IEnumerable`1 parameters)
   at Autofac.ResolutionExtensions.TryResolveService(IComponentContext context, Service service, IEnumerable`1 parameters, Object& instance)
   at Autofac.ResolutionExtensions.ResolveOptionalService(IComponentContext context, Service service, IEnumerable`1 parameters)
   at Microsoft.Extensions.Internal.ActivatorUtilities.GetService(IServiceProvider sp, Type type, Type requiredBy, Boolean isDefaultParameterRequired)
   at lambda_method(Closure , IServiceProvider , Object[] )
   at Microsoft.AspNetCore.Mvc.Controllers.ControllerFactoryProvider.<>c__DisplayClass5_0.<CreateControllerFactory>g__CreateController0(ControllerContext controllerContext)
   at Microsoft.AspNetCore.Mvc.Internal.ControllerActionInvoker.Next(State& next, Scope& scope, Object& state, Boolean& isCompleted)
   at Microsoft.AspNetCore.Mvc.Internal.ControllerActionInvoker.InvokeInnerFilterAsync()
   at Microsoft.AspNetCore.Mvc.Internal.ResourceInvoker.InvokeNextExceptionFilterAsync()
   at Microsoft.AspNetCore.Mvc.Internal.ResourceInvoker.Rethrow(ExceptionContext context)
   at Microsoft.AspNetCore.Mvc.Internal.ResourceInvoker.Next(State& next, Scope& scope, Object& state, Boolean& isCompleted)
   at Microsoft.AspNetCore.Mvc.Internal.ResourceInvoker.InvokeNextResourceFilter()
   at Microsoft.AspNetCore.Mvc.Internal.ResourceInvoker.Rethrow(ResourceExecutedContext context)
   at Microsoft.AspNetCore.Mvc.Internal.ResourceInvoker.Next(State& next, Scope& scope, Object& state, Boolean& isCompleted)
   at Microsoft.AspNetCore.Mvc.Internal.ResourceInvoker.InvokeFilterPipelineAsync()
   at Microsoft.AspNetCore.Mvc.Internal.ResourceInvoker.InvokeAsync()
   at Microsoft.AspNetCore.Builder.RouterMiddleware.Invoke(HttpContext httpContext)
   at Microsoft.AspNetCore.Cors.Infrastructure.CorsMiddleware.Invoke(HttpContext context)
   at Microsoft.AspNetCore.Diagnostics.DeveloperExceptionPageMiddleware.Invoke(HttpContext context)
2019-08-17 20:34:25.838 -03:00 [Information] Executed action "Ativ5.WebApi.UseCases.Register.CustomersController.Post (Ativ5.WebApi)" in 1876.891ms
2019-08-17 20:34:25.846 -03:00 [Error] An unhandled exception has occurred while executing the request
Autofac.Core.DependencyResolutionException: An error occurred during the activation of a particular registration. See the inner exception for details. Registration: Activator = RegisterInteractor (ReflectionActivator), Services = [Ativ5.Application.IInputBoundary`1[[Ativ5.Application.UseCases.Register.RegisterInput, Ativ5.Application, Version=1.0.0.0, Culture=neutral, PublicKeyToken=null]]], Lifetime = Autofac.Core.Lifetime.CurrentScopeLifetime, Sharing = Shared, Ownership = OwnedByLifetimeScope ---> An error occurred during the activation of a particular registration. See the inner exception for details. Registration: Activator = CustomerRepository (ReflectionActivator), Services = [Ativ5.Application.Repositories.ICustomerReadOnlyRepository, Ativ5.Application.Repositories.ICustomerWriteOnlyRepository], Lifetime = Autofac.Core.Lifetime.CurrentScopeLifetime, Sharing = Shared, Ownership = OwnedByLifetimeScope ---> An error occurred during the activation of a particular registration. See the inner exception for details. Registration: Activator = Context (ReflectionActivator), Services = [Ativ5.Infrastructure.MongoDataAccess.Context], Lifetime = Autofac.Core.Lifetime.RootScopeLifetime, Sharing = Shared, Ownership = OwnedByLifetimeScope ---> An exception was thrown while invoking the constructor 'Void .ctor(System.String, System.String)' on type 'Context'. ---> An item with the same key has already been added. Key: Ativ5.Domain.Entity (See inner exception for details.) (See inner exception for details.) (See inner exception for details.) (See inner exception for details.) ---> Autofac.Core.DependencyResolutionException: An error occurred during the activation of a particular registration. See the inner exception for details. Registration: Activator = CustomerRepository (ReflectionActivator), Services = [Ativ5.Application.Repositories.ICustomerReadOnlyRepository, Ativ5.Application.Repositories.ICustomerWriteOnlyRepository], Lifetime = Autofac.Core.Lifetime.CurrentScopeLifetime, Sharing = Shared, Ownership = OwnedByLifetimeScope ---> An error occurred during the activation of a particular registration. See the inner exception for details. Registration: Activator = Context (ReflectionActivator), Services = [Ativ5.Infrastructure.MongoDataAccess.Context], Lifetime = Autofac.Core.Lifetime.RootScopeLifetime, Sharing = Shared, Ownership = OwnedByLifetimeScope ---> An exception was thrown while invoking the constructor 'Void .ctor(System.String, System.String)' on type 'Context'. ---> An item with the same key has already been added. Key: Ativ5.Domain.Entity (See inner exception for details.) (See inner exception for details.) (See inner exception for details.) ---> Autofac.Core.DependencyResolutionException: An error occurred during the activation of a particular registration. See the inner exception for details. Registration: Activator = Context (ReflectionActivator), Services = [Ativ5.Infrastructure.MongoDataAccess.Context], Lifetime = Autofac.Core.Lifetime.RootScopeLifetime, Sharing = Shared, Ownership = OwnedByLifetimeScope ---> An exception was thrown while invoking the constructor 'Void .ctor(System.String, System.String)' on type 'Context'. ---> An item with the same key has already been added. Key: Ativ5.Domain.Entity (See inner exception for details.) (See inner exception for details.) ---> Autofac.Core.DependencyResolutionException: An exception was thrown while invoking the constructor 'Void .ctor(System.String, System.String)' on type 'Context'. ---> An item with the same key has already been added. Key: Ativ5.Domain.Entity (See inner exception for details.) ---> System.ArgumentException: An item with the same key has already been added. Key: Ativ5.Domain.Entity
   at System.Collections.Generic.Dictionary`2.TryInsert(TKey key, TValue value, InsertionBehavior behavior)
   at MongoDB.Bson.Serialization.BsonClassMap.RegisterClassMap(BsonClassMap classMap)
   at MongoDB.Bson.Serialization.BsonClassMap.RegisterClassMap[TClass](Action`1 classMapInitializer)
   at Ativ5.Infrastructure.MongoDataAccess.Context.Map() in E:\Library\Desktop\PosPuc\APA\Projeto\Ativ5\Ativ5.Infrastructure\MongoDataAccess\Context.cs:line 55
   at Ativ5.Infrastructure.MongoDataAccess.Context..ctor(String connectionString, String databaseName) in E:\Library\Desktop\PosPuc\APA\Projeto\Ativ5\Ativ5.Infrastructure\MongoDataAccess\Context.cs:line 18
   at lambda_method(Closure , Object[] )
   at Autofac.Core.Activators.Reflection.ConstructorParameterBinding.Instantiate()
   --- End of inner exception stack trace ---
   at Autofac.Core.Activators.Reflection.ConstructorParameterBinding.Instantiate()
   at Autofac.Core.Activators.Reflection.ReflectionActivator.ActivateInstance(IComponentContext context, IEnumerable`1 parameters)
   at Autofac.Core.Resolving.InstanceLookup.Activate(IEnumerable`1 parameters)
   --- End of inner exception stack trace ---
   at Autofac.Core.Resolving.InstanceLookup.Activate(IEnumerable`1 parameters)
   at Autofac.Core.Lifetime.LifetimeScope.GetOrCreateAndShare(Guid id, Func`1 creator)
   at Autofac.Core.Resolving.InstanceLookup.Execute()
   at Autofac.Core.Resolving.ResolveOperation.GetOrCreateInstance(ISharingLifetimeScope currentOperationScope, IComponentRegistration registration, IEnumerable`1 parameters)
   at Autofac.Core.Activators.Reflection.ConstructorParameterBinding.Instantiate()
   at Autofac.Core.Activators.Reflection.ReflectionActivator.ActivateInstance(IComponentContext context, IEnumerable`1 parameters)
   at Autofac.Core.Resolving.InstanceLookup.Activate(IEnumerable`1 parameters)
   --- End of inner exception stack trace ---
   at Autofac.Core.Resolving.InstanceLookup.Activate(IEnumerable`1 parameters)
   at Autofac.Core.Lifetime.LifetimeScope.GetOrCreateAndShare(Guid id, Func`1 creator)
   at Autofac.Core.Resolving.InstanceLookup.Execute()
   at Autofac.Core.Resolving.ResolveOperation.GetOrCreateInstance(ISharingLifetimeScope currentOperationScope, IComponentRegistration registration, IEnumerable`1 parameters)
   at Autofac.Core.Activators.Reflection.ConstructorParameterBinding.Instantiate()
   at Autofac.Core.Activators.Reflection.ReflectionActivator.ActivateInstance(IComponentContext context, IEnumerable`1 parameters)
   at Autofac.Core.Resolving.InstanceLookup.Activate(IEnumerable`1 parameters)
   --- End of inner exception stack trace ---
   at Autofac.Core.Resolving.InstanceLookup.Activate(IEnumerable`1 parameters)
   at Autofac.Core.Lifetime.LifetimeScope.GetOrCreateAndShare(Guid id, Func`1 creator)
   at Autofac.Core.Resolving.InstanceLookup.Execute()
   at Autofac.Core.Resolving.ResolveOperation.GetOrCreateInstance(ISharingLifetimeScope currentOperationScope, IComponentRegistration registration, IEnumerable`1 parameters)
   at Autofac.Core.Resolving.ResolveOperation.Execute(IComponentRegistration registration, IEnumerable`1 parameters)
   at Autofac.ResolutionExtensions.TryResolveService(IComponentContext context, Service service, IEnumerable`1 parameters, Object& instance)
   at Autofac.ResolutionExtensions.ResolveOptionalService(IComponentContext context, Service service, IEnumerable`1 parameters)
   at Microsoft.Extensions.Internal.ActivatorUtilities.GetService(IServiceProvider sp, Type type, Type requiredBy, Boolean isDefaultParameterRequired)
   at lambda_method(Closure , IServiceProvider , Object[] )
   at Microsoft.AspNetCore.Mvc.Controllers.ControllerFactoryProvider.<>c__DisplayClass5_0.<CreateControllerFactory>g__CreateController0(ControllerContext controllerContext)
   at Microsoft.AspNetCore.Mvc.Internal.ControllerActionInvoker.Next(State& next, Scope& scope, Object& state, Boolean& isCompleted)
   at Microsoft.AspNetCore.Mvc.Internal.ControllerActionInvoker.InvokeInnerFilterAsync()
   at Microsoft.AspNetCore.Mvc.Internal.ResourceInvoker.InvokeNextExceptionFilterAsync()
   at Microsoft.AspNetCore.Mvc.Internal.ResourceInvoker.Rethrow(ExceptionContext context)
   at Microsoft.AspNetCore.Mvc.Internal.ResourceInvoker.Next(State& next, Scope& scope, Object& state, Boolean& isCompleted)
   at Microsoft.AspNetCore.Mvc.Internal.ResourceInvoker.InvokeNextResourceFilter()
   at Microsoft.AspNetCore.Mvc.Internal.ResourceInvoker.Rethrow(ResourceExecutedContext context)
   at Microsoft.AspNetCore.Mvc.Internal.ResourceInvoker.Next(State& next, Scope& scope, Object& state, Boolean& isCompleted)
   at Microsoft.AspNetCore.Mvc.Internal.ResourceInvoker.InvokeFilterPipelineAsync()
   at Microsoft.AspNetCore.Mvc.Internal.ResourceInvoker.InvokeAsync()
   at Microsoft.AspNetCore.Builder.RouterMiddleware.Invoke(HttpContext httpContext)
   at Microsoft.AspNetCore.Cors.Infrastructure.CorsMiddleware.Invoke(HttpContext context)
   at Microsoft.AspNetCore.Diagnostics.DeveloperExceptionPageMiddleware.Invoke(HttpContext context)
2019-08-17 20:34:25.983 -03:00 [Information] Request finished in 43568.2475ms 500 text/html; charset=utf-8
2019-08-17 20:34:26.031 -03:00 [Information] Request finished in 2079.4648ms 500 text/html; charset=utf-8
2019-08-17 20:34:32.442 -03:00 [Information] Request starting HTTP/1.1 POST http://localhost:5000/api/customers application/json 46
2019-08-17 20:34:45.268 -03:00 [Information] Executed action "Ativ5.WebApi.UseCases.Register.CustomersController.Post (Ativ5.WebApi)" in 12826.4902ms
2019-08-17 20:34:45.283 -03:00 [Error] An unhandled exception has occurred while executing the request
Autofac.Core.DependencyResolutionException: An error occurred during the activation of a particular registration. See the inner exception for details. Registration: Activator = RegisterInteractor (ReflectionActivator), Services = [Ativ5.Application.IInputBoundary`1[[Ativ5.Application.UseCases.Register.RegisterInput, Ativ5.Application, Version=1.0.0.0, Culture=neutral, PublicKeyToken=null]]], Lifetime = Autofac.Core.Lifetime.CurrentScopeLifetime, Sharing = Shared, Ownership = OwnedByLifetimeScope ---> An error occurred during the activation of a particular registration. See the inner exception for details. Registration: Activator = CustomerRepository (ReflectionActivator), Services = [Ativ5.Application.Repositories.ICustomerReadOnlyRepository, Ativ5.Application.Repositories.ICustomerWriteOnlyRepository], Lifetime = Autofac.Core.Lifetime.CurrentScopeLifetime, Sharing = Shared, Ownership = OwnedByLifetimeScope ---> An error occurred during the activation of a particular registration. See the inner exception for details. Registration: Activator = Context (ReflectionActivator), Services = [Ativ5.Infrastructure.MongoDataAccess.Context], Lifetime = Autofac.Core.Lifetime.RootScopeLifetime, Sharing = Shared, Ownership = OwnedByLifetimeScope ---> An exception was thrown while invoking the constructor 'Void .ctor(System.String, System.String)' on type 'Context'. ---> An item with the same key has already been added. Key: Ativ5.Domain.Entity (See inner exception for details.) (See inner exception for details.) (See inner exception for details.) (See inner exception for details.) ---> Autofac.Core.DependencyResolutionException: An error occurred during the activation of a particular registration. See the inner exception for details. Registration: Activator = CustomerRepository (ReflectionActivator), Services = [Ativ5.Application.Repositories.ICustomerReadOnlyRepository, Ativ5.Application.Repositories.ICustomerWriteOnlyRepository], Lifetime = Autofac.Core.Lifetime.CurrentScopeLifetime, Sharing = Shared, Ownership = OwnedByLifetimeScope ---> An error occurred during the activation of a particular registration. See the inner exception for details. Registration: Activator = Context (ReflectionActivator), Services = [Ativ5.Infrastructure.MongoDataAccess.Context], Lifetime = Autofac.Core.Lifetime.RootScopeLifetime, Sharing = Shared, Ownership = OwnedByLifetimeScope ---> An exception was thrown while invoking the constructor 'Void .ctor(System.String, System.String)' on type 'Context'. ---> An item with the same key has already been added. Key: Ativ5.Domain.Entity (See inner exception for details.) (See inner exception for details.) (See inner exception for details.) ---> Autofac.Core.DependencyResolutionException: An error occurred during the activation of a particular registration. See the inner exception for details. Registration: Activator = Context (ReflectionActivator), Services = [Ativ5.Infrastructure.MongoDataAccess.Context], Lifetime = Autofac.Core.Lifetime.RootScopeLifetime, Sharing = Shared, Ownership = OwnedByLifetimeScope ---> An exception was thrown while invoking the constructor 'Void .ctor(System.String, System.String)' on type 'Context'. ---> An item with the same key has already been added. Key: Ativ5.Domain.Entity (See inner exception for details.) (See inner exception for details.) ---> Autofac.Core.DependencyResolutionException: An exception was thrown while invoking the constructor 'Void .ctor(System.String, System.String)' on type 'Context'. ---> An item with the same key has already been added. Key: Ativ5.Domain.Entity (See inner exception for details.) ---> System.ArgumentException: An item with the same key has already been added. Key: Ativ5.Domain.Entity
   at System.Collections.Generic.Dictionary`2.TryInsert(TKey key, TValue value, InsertionBehavior behavior)
   at MongoDB.Bson.Serialization.BsonClassMap.RegisterClassMap(BsonClassMap classMap)
   at MongoDB.Bson.Serialization.BsonClassMap.RegisterClassMap[TClass](Action`1 classMapInitializer)
   at Ativ5.Infrastructure.MongoDataAccess.Context.Map() in E:\Library\Desktop\PosPuc\APA\Projeto\Ativ5\Ativ5.Infrastructure\MongoDataAccess\Context.cs:line 55
   at Ativ5.Infrastructure.MongoDataAccess.Context..ctor(String connectionString, String databaseName) in E:\Library\Desktop\PosPuc\APA\Projeto\Ativ5\Ativ5.Infrastructure\MongoDataAccess\Context.cs:line 18
   at lambda_method(Closure , Object[] )
   at Autofac.Core.Activators.Reflection.ConstructorParameterBinding.Instantiate()
   --- End of inner exception stack trace ---
   at Autofac.Core.Activators.Reflection.ConstructorParameterBinding.Instantiate()
   at Autofac.Core.Activators.Reflection.ReflectionActivator.ActivateInstance(IComponentContext context, IEnumerable`1 parameters)
   at Autofac.Core.Resolving.InstanceLookup.Activate(IEnumerable`1 parameters)
   --- End of inner exception stack trace ---
   at Autofac.Core.Resolving.InstanceLookup.Activate(IEnumerable`1 parameters)
   at Autofac.Core.Lifetime.LifetimeScope.GetOrCreateAndShare(Guid id, Func`1 creator)
   at Autofac.Core.Resolving.InstanceLookup.Execute()
   at Autofac.Core.Resolving.ResolveOperation.GetOrCreateInstance(ISharingLifetimeScope currentOperationScope, IComponentRegistration registration, IEnumerable`1 parameters)
   at Autofac.Core.Activators.Reflection.ConstructorParameterBinding.Instantiate()
   at Autofac.Core.Activators.Reflection.ReflectionActivator.ActivateInstance(IComponentContext context, IEnumerable`1 parameters)
   at Autofac.Core.Resolving.InstanceLookup.Activate(IEnumerable`1 parameters)
   --- End of inner exception stack trace ---
   at Autofac.Core.Resolving.InstanceLookup.Activate(IEnumerable`1 parameters)
   at Autofac.Core.Lifetime.LifetimeScope.GetOrCreateAndShare(Guid id, Func`1 creator)
   at Autofac.Core.Resolving.InstanceLookup.Execute()
   at Autofac.Core.Resolving.ResolveOperation.GetOrCreateInstance(ISharingLifetimeScope currentOperationScope, IComponentRegistration registration, IEnumerable`1 parameters)
   at Autofac.Core.Activators.Reflection.ConstructorParameterBinding.Instantiate()
   at Autofac.Core.Activators.Reflection.ReflectionActivator.ActivateInstance(IComponentContext context, IEnumerable`1 parameters)
   at Autofac.Core.Resolving.InstanceLookup.Activate(IEnumerable`1 parameters)
   --- End of inner exception stack trace ---
   at Autofac.Core.Resolving.InstanceLookup.Activate(IEnumerable`1 parameters)
   at Autofac.Core.Lifetime.LifetimeScope.GetOrCreateAndShare(Guid id, Func`1 creator)
   at Autofac.Core.Resolving.InstanceLookup.Execute()
   at Autofac.Core.Resolving.ResolveOperation.GetOrCreateInstance(ISharingLifetimeScope currentOperationScope, IComponentRegistration registration, IEnumerable`1 parameters)
   at Autofac.Core.Resolving.ResolveOperation.Execute(IComponentRegistration registration, IEnumerable`1 parameters)
   at Autofac.ResolutionExtensions.TryResolveService(IComponentContext context, Service service, IEnumerable`1 parameters, Object& instance)
   at Autofac.ResolutionExtensions.ResolveOptionalService(IComponentContext context, Service service, IEnumerable`1 parameters)
   at Microsoft.Extensions.Internal.ActivatorUtilities.GetService(IServiceProvider sp, Type type, Type requiredBy, Boolean isDefaultParameterRequired)
   at lambda_method(Closure , IServiceProvider , Object[] )
   at Microsoft.AspNetCore.Mvc.Controllers.ControllerFactoryProvider.<>c__DisplayClass5_0.<CreateControllerFactory>g__CreateController0(ControllerContext controllerContext)
   at Microsoft.AspNetCore.Mvc.Internal.ControllerActionInvoker.Next(State& next, Scope& scope, Object& state, Boolean& isCompleted)
   at Microsoft.AspNetCore.Mvc.Internal.ControllerActionInvoker.InvokeInnerFilterAsync()
   at Microsoft.AspNetCore.Mvc.Internal.ResourceInvoker.InvokeNextExceptionFilterAsync()
   at Microsoft.AspNetCore.Mvc.Internal.ResourceInvoker.Rethrow(ExceptionContext context)
   at Microsoft.AspNetCore.Mvc.Internal.ResourceInvoker.Next(State& next, Scope& scope, Object& state, Boolean& isCompleted)
   at Microsoft.AspNetCore.Mvc.Internal.ResourceInvoker.InvokeNextResourceFilter()
   at Microsoft.AspNetCore.Mvc.Internal.ResourceInvoker.Rethrow(ResourceExecutedContext context)
   at Microsoft.AspNetCore.Mvc.Internal.ResourceInvoker.Next(State& next, Scope& scope, Object& state, Boolean& isCompleted)
   at Microsoft.AspNetCore.Mvc.Internal.ResourceInvoker.InvokeFilterPipelineAsync()
   at Microsoft.AspNetCore.Mvc.Internal.ResourceInvoker.InvokeAsync()
   at Microsoft.AspNetCore.Builder.RouterMiddleware.Invoke(HttpContext httpContext)
   at Microsoft.AspNetCore.Cors.Infrastructure.CorsMiddleware.Invoke(HttpContext context)
   at Microsoft.AspNetCore.Diagnostics.DeveloperExceptionPageMiddleware.Invoke(HttpContext context)
2019-08-17 20:34:45.358 -03:00 [Information] Request finished in 12916.759ms 500 text/html; charset=utf-8
2019-08-17 20:34:48.761 -03:00 [Information] Request starting HTTP/1.1 POST http://localhost:5000/api/customers application/json 46
2019-08-17 20:35:43.144 -03:00 [Information] Executed action "Ativ5.WebApi.UseCases.Register.CustomersController.Post (Ativ5.WebApi)" in 54382.1143ms
2019-08-17 20:35:43.145 -03:00 [Error] An unhandled exception has occurred while executing the request
Autofac.Core.DependencyResolutionException: An error occurred during the activation of a particular registration. See the inner exception for details. Registration: Activator = RegisterInteractor (ReflectionActivator), Services = [Ativ5.Application.IInputBoundary`1[[Ativ5.Application.UseCases.Register.RegisterInput, Ativ5.Application, Version=1.0.0.0, Culture=neutral, PublicKeyToken=null]]], Lifetime = Autofac.Core.Lifetime.CurrentScopeLifetime, Sharing = Shared, Ownership = OwnedByLifetimeScope ---> An error occurred during the activation of a particular registration. See the inner exception for details. Registration: Activator = CustomerRepository (ReflectionActivator), Services = [Ativ5.Application.Repositories.ICustomerReadOnlyRepository, Ativ5.Application.Repositories.ICustomerWriteOnlyRepository], Lifetime = Autofac.Core.Lifetime.CurrentScopeLifetime, Sharing = Shared, Ownership = OwnedByLifetimeScope ---> An error occurred during the activation of a particular registration. See the inner exception for details. Registration: Activator = Context (ReflectionActivator), Services = [Ativ5.Infrastructure.MongoDataAccess.Context], Lifetime = Autofac.Core.Lifetime.RootScopeLifetime, Sharing = Shared, Ownership = OwnedByLifetimeScope ---> An exception was thrown while invoking the constructor 'Void .ctor(System.String, System.String)' on type 'Context'. ---> An item with the same key has already been added. Key: Ativ5.Domain.Entity (See inner exception for details.) (See inner exception for details.) (See inner exception for details.) (See inner exception for details.) ---> Autofac.Core.DependencyResolutionException: An error occurred during the activation of a particular registration. See the inner exception for details. Registration: Activator = CustomerRepository (ReflectionActivator), Services = [Ativ5.Application.Repositories.ICustomerReadOnlyRepository, Ativ5.Application.Repositories.ICustomerWriteOnlyRepository], Lifetime = Autofac.Core.Lifetime.CurrentScopeLifetime, Sharing = Shared, Ownership = OwnedByLifetimeScope ---> An error occurred during the activation of a particular registration. See the inner exception for details. Registration: Activator = Context (ReflectionActivator), Services = [Ativ5.Infrastructure.MongoDataAccess.Context], Lifetime = Autofac.Core.Lifetime.RootScopeLifetime, Sharing = Shared, Ownership = OwnedByLifetimeScope ---> An exception was thrown while invoking the constructor 'Void .ctor(System.String, System.String)' on type 'Context'. ---> An item with the same key has already been added. Key: Ativ5.Domain.Entity (See inner exception for details.) (See inner exception for details.) (See inner exception for details.) ---> Autofac.Core.DependencyResolutionException: An error occurred during the activation of a particular registration. See the inner exception for details. Registration: Activator = Context (ReflectionActivator), Services = [Ativ5.Infrastructure.MongoDataAccess.Context], Lifetime = Autofac.Core.Lifetime.RootScopeLifetime, Sharing = Shared, Ownership = OwnedByLifetimeScope ---> An exception was thrown while invoking the constructor 'Void .ctor(System.String, System.String)' on type 'Context'. ---> An item with the same key has already been added. Key: Ativ5.Domain.Entity (See inner exception for details.) (See inner exception for details.) ---> Autofac.Core.DependencyResolutionException: An exception was thrown while invoking the constructor 'Void .ctor(System.String, System.String)' on type 'Context'. ---> An item with the same key has already been added. Key: Ativ5.Domain.Entity (See inner exception for details.) ---> System.ArgumentException: An item with the same key has already been added. Key: Ativ5.Domain.Entity
   at System.Collections.Generic.Dictionary`2.TryInsert(TKey key, TValue value, InsertionBehavior behavior)
   at MongoDB.Bson.Serialization.BsonClassMap.RegisterClassMap(BsonClassMap classMap)
   at MongoDB.Bson.Serialization.BsonClassMap.RegisterClassMap[TClass](Action`1 classMapInitializer)
   at Ativ5.Infrastructure.MongoDataAccess.Context.Map() in E:\Library\Desktop\PosPuc\APA\Projeto\Ativ5\Ativ5.Infrastructure\MongoDataAccess\Context.cs:line 55
   at Ativ5.Infrastructure.MongoDataAccess.Context..ctor(String connectionString, String databaseName) in E:\Library\Desktop\PosPuc\APA\Projeto\Ativ5\Ativ5.Infrastructure\MongoDataAccess\Context.cs:line 18
   at lambda_method(Closure , Object[] )
   at Autofac.Core.Activators.Reflection.ConstructorParameterBinding.Instantiate()
   --- End of inner exception stack trace ---
   at Autofac.Core.Activators.Reflection.ConstructorParameterBinding.Instantiate()
   at Autofac.Core.Activators.Reflection.ReflectionActivator.ActivateInstance(IComponentContext context, IEnumerable`1 parameters)
   at Autofac.Core.Resolving.InstanceLookup.Activate(IEnumerable`1 parameters)
   --- End of inner exception stack trace ---
   at Autofac.Core.Resolving.InstanceLookup.Activate(IEnumerable`1 parameters)
   at Autofac.Core.Lifetime.LifetimeScope.GetOrCreateAndShare(Guid id, Func`1 creator)
   at Autofac.Core.Resolving.InstanceLookup.Execute()
   at Autofac.Core.Resolving.ResolveOperation.GetOrCreateInstance(ISharingLifetimeScope currentOperationScope, IComponentRegistration registration, IEnumerable`1 parameters)
   at Autofac.Core.Activators.Reflection.ConstructorParameterBinding.Instantiate()
   at Autofac.Core.Activators.Reflection.ReflectionActivator.ActivateInstance(IComponentContext context, IEnumerable`1 parameters)
   at Autofac.Core.Resolving.InstanceLookup.Activate(IEnumerable`1 parameters)
   --- End of inner exception stack trace ---
   at Autofac.Core.Resolving.InstanceLookup.Activate(IEnumerable`1 parameters)
   at Autofac.Core.Lifetime.LifetimeScope.GetOrCreateAndShare(Guid id, Func`1 creator)
   at Autofac.Core.Resolving.InstanceLookup.Execute()
   at Autofac.Core.Resolving.ResolveOperation.GetOrCreateInstance(ISharingLifetimeScope currentOperationScope, IComponentRegistration registration, IEnumerable`1 parameters)
   at Autofac.Core.Activators.Reflection.ConstructorParameterBinding.Instantiate()
   at Autofac.Core.Activators.Reflection.ReflectionActivator.ActivateInstance(IComponentContext context, IEnumerable`1 parameters)
   at Autofac.Core.Resolving.InstanceLookup.Activate(IEnumerable`1 parameters)
   --- End of inner exception stack trace ---
   at Autofac.Core.Resolving.InstanceLookup.Activate(IEnumerable`1 parameters)
   at Autofac.Core.Lifetime.LifetimeScope.GetOrCreateAndShare(Guid id, Func`1 creator)
   at Autofac.Core.Resolving.InstanceLookup.Execute()
   at Autofac.Core.Resolving.ResolveOperation.GetOrCreateInstance(ISharingLifetimeScope currentOperationScope, IComponentRegistration registration, IEnumerable`1 parameters)
   at Autofac.Core.Resolving.ResolveOperation.Execute(IComponentRegistration registration, IEnumerable`1 parameters)
   at Autofac.ResolutionExtensions.TryResolveService(IComponentContext context, Service service, IEnumerable`1 parameters, Object& instance)
   at Autofac.ResolutionExtensions.ResolveOptionalService(IComponentContext context, Service service, IEnumerable`1 parameters)
   at Microsoft.Extensions.Internal.ActivatorUtilities.GetService(IServiceProvider sp, Type type, Type requiredBy, Boolean isDefaultParameterRequired)
   at lambda_method(Closure , IServiceProvider , Object[] )
   at Microsoft.AspNetCore.Mvc.Controllers.ControllerFactoryProvider.<>c__DisplayClass5_0.<CreateControllerFactory>g__CreateController0(ControllerContext controllerContext)
   at Microsoft.AspNetCore.Mvc.Internal.ControllerActionInvoker.Next(State& next, Scope& scope, Object& state, Boolean& isCompleted)
   at Microsoft.AspNetCore.Mvc.Internal.ControllerActionInvoker.InvokeInnerFilterAsync()
   at Microsoft.AspNetCore.Mvc.Internal.ResourceInvoker.InvokeNextExceptionFilterAsync()
   at Microsoft.AspNetCore.Mvc.Internal.ResourceInvoker.Rethrow(ExceptionContext context)
   at Microsoft.AspNetCore.Mvc.Internal.ResourceInvoker.Next(State& next, Scope& scope, Object& state, Boolean& isCompleted)
   at Microsoft.AspNetCore.Mvc.Internal.ResourceInvoker.InvokeNextResourceFilter()
   at Microsoft.AspNetCore.Mvc.Internal.ResourceInvoker.Rethrow(ResourceExecutedContext context)
   at Microsoft.AspNetCore.Mvc.Internal.ResourceInvoker.Next(State& next, Scope& scope, Object& state, Boolean& isCompleted)
   at Microsoft.AspNetCore.Mvc.Internal.ResourceInvoker.InvokeFilterPipelineAsync()
   at Microsoft.AspNetCore.Mvc.Internal.ResourceInvoker.InvokeAsync()
   at Microsoft.AspNetCore.Builder.RouterMiddleware.Invoke(HttpContext httpContext)
   at Microsoft.AspNetCore.Cors.Infrastructure.CorsMiddleware.Invoke(HttpContext context)
   at Microsoft.AspNetCore.Diagnostics.DeveloperExceptionPageMiddleware.Invoke(HttpContext context)
2019-08-17 20:35:43.191 -03:00 [Information] Request finished in 54430.0584ms 500 text/html; charset=utf-8
2019-08-17 20:36:42.323 -03:00 [Information] Request starting HTTP/1.1 POST http://localhost:5000/api/customers application/json 46
2019-08-17 20:37:04.937 -03:00 [Information] User profile is available. Using '"C:\Users\Walter\AppData\Local\ASP.NET\DataProtection-Keys"' as key repository and Windows DPAPI to encrypt keys at rest.
2019-08-17 20:37:07.889 -03:00 [Information] Request starting HTTP/1.1 GET http://localhost:5000/  
2019-08-17 20:37:09.361 -03:00 [Information] Request finished in 1495.8557ms 404 
2019-08-17 20:37:12.763 -03:00 [Information] Request starting HTTP/1.1 POST http://localhost:5000/api/customers application/json 46
2019-08-17 20:37:32.649 -03:00 [Information] Executed action "Ativ5.WebApi.UseCases.Register.CustomersController.Post (Ativ5.WebApi)" in 19552.608ms
2019-08-17 20:37:32.656 -03:00 [Error] An unhandled exception has occurred while executing the request
Autofac.Core.DependencyResolutionException: An error occurred during the activation of a particular registration. See the inner exception for details. Registration: Activator = RegisterInteractor (ReflectionActivator), Services = [Ativ5.Application.IInputBoundary`1[[Ativ5.Application.UseCases.Register.RegisterInput, Ativ5.Application, Version=1.0.0.0, Culture=neutral, PublicKeyToken=null]]], Lifetime = Autofac.Core.Lifetime.CurrentScopeLifetime, Sharing = Shared, Ownership = OwnedByLifetimeScope ---> An error occurred during the activation of a particular registration. See the inner exception for details. Registration: Activator = CustomerRepository (ReflectionActivator), Services = [Ativ5.Application.Repositories.ICustomerReadOnlyRepository, Ativ5.Application.Repositories.ICustomerWriteOnlyRepository], Lifetime = Autofac.Core.Lifetime.CurrentScopeLifetime, Sharing = Shared, Ownership = OwnedByLifetimeScope ---> An error occurred during the activation of a particular registration. See the inner exception for details. Registration: Activator = Context (ReflectionActivator), Services = [Ativ5.Infrastructure.MongoDataAccess.Context], Lifetime = Autofac.Core.Lifetime.RootScopeLifetime, Sharing = Shared, Ownership = OwnedByLifetimeScope ---> An exception was thrown while invoking the constructor 'Void .ctor(System.String, System.String)' on type 'Context'. ---> An item with the same key has already been added. Key: Ativ5.Domain.Baskets.Book (See inner exception for details.) (See inner exception for details.) (See inner exception for details.) (See inner exception for details.) ---> Autofac.Core.DependencyResolutionException: An error occurred during the activation of a particular registration. See the inner exception for details. Registration: Activator = CustomerRepository (ReflectionActivator), Services = [Ativ5.Application.Repositories.ICustomerReadOnlyRepository, Ativ5.Application.Repositories.ICustomerWriteOnlyRepository], Lifetime = Autofac.Core.Lifetime.CurrentScopeLifetime, Sharing = Shared, Ownership = OwnedByLifetimeScope ---> An error occurred during the activation of a particular registration. See the inner exception for details. Registration: Activator = Context (ReflectionActivator), Services = [Ativ5.Infrastructure.MongoDataAccess.Context], Lifetime = Autofac.Core.Lifetime.RootScopeLifetime, Sharing = Shared, Ownership = OwnedByLifetimeScope ---> An exception was thrown while invoking the constructor 'Void .ctor(System.String, System.String)' on type 'Context'. ---> An item with the same key has already been added. Key: Ativ5.Domain.Baskets.Book (See inner exception for details.) (See inner exception for details.) (See inner exception for details.) ---> Autofac.Core.DependencyResolutionException: An error occurred during the activation of a particular registration. See the inner exception for details. Registration: Activator = Context (ReflectionActivator), Services = [Ativ5.Infrastructure.MongoDataAccess.Context], Lifetime = Autofac.Core.Lifetime.RootScopeLifetime, Sharing = Shared, Ownership = OwnedByLifetimeScope ---> An exception was thrown while invoking the constructor 'Void .ctor(System.String, System.String)' on type 'Context'. ---> An item with the same key has already been added. Key: Ativ5.Domain.Baskets.Book (See inner exception for details.) (See inner exception for details.) ---> Autofac.Core.DependencyResolutionException: An exception was thrown while invoking the constructor 'Void .ctor(System.String, System.String)' on type 'Context'. ---> An item with the same key has already been added. Key: Ativ5.Domain.Baskets.Book (See inner exception for details.) ---> System.ArgumentException: An item with the same key has already been added. Key: Ativ5.Domain.Baskets.Book
   at System.Collections.Generic.Dictionary`2.TryInsert(TKey key, TValue value, InsertionBehavior behavior)
   at MongoDB.Bson.Serialization.BsonClassMap.RegisterClassMap(BsonClassMap classMap)
   at MongoDB.Bson.Serialization.BsonClassMap.RegisterClassMap[TClass](Action`1 classMapInitializer)
   at Ativ5.Infrastructure.MongoDataAccess.Context.Map() in E:\Library\Desktop\PosPuc\APA\Projeto\Ativ5\Ativ5.Infrastructure\MongoDataAccess\Context.cs:line 80
   at Ativ5.Infrastructure.MongoDataAccess.Context..ctor(String connectionString, String databaseName) in E:\Library\Desktop\PosPuc\APA\Projeto\Ativ5\Ativ5.Infrastructure\MongoDataAccess\Context.cs:line 18
   at lambda_method(Closure , Object[] )
   at Autofac.Core.Activators.Reflection.ConstructorParameterBinding.Instantiate()
   --- End of inner exception stack trace ---
   at Autofac.Core.Activators.Reflection.ConstructorParameterBinding.Instantiate()
   at Autofac.Core.Activators.Reflection.ReflectionActivator.ActivateInstance(IComponentContext context, IEnumerable`1 parameters)
   at Autofac.Core.Resolving.InstanceLookup.Activate(IEnumerable`1 parameters)
   --- End of inner exception stack trace ---
   at Autofac.Core.Resolving.InstanceLookup.Activate(IEnumerable`1 parameters)
   at Autofac.Core.Lifetime.LifetimeScope.GetOrCreateAndShare(Guid id, Func`1 creator)
   at Autofac.Core.Resolving.InstanceLookup.Execute()
   at Autofac.Core.Resolving.ResolveOperation.GetOrCreateInstance(ISharingLifetimeScope currentOperationScope, IComponentRegistration registration, IEnumerable`1 parameters)
   at Autofac.Core.Activators.Reflection.ConstructorParameterBinding.Instantiate()
   at Autofac.Core.Activators.Reflection.ReflectionActivator.ActivateInstance(IComponentContext context, IEnumerable`1 parameters)
   at Autofac.Core.Resolving.InstanceLookup.Activate(IEnumerable`1 parameters)
   --- End of inner exception stack trace ---
   at Autofac.Core.Resolving.InstanceLookup.Activate(IEnumerable`1 parameters)
   at Autofac.Core.Lifetime.LifetimeScope.GetOrCreateAndShare(Guid id, Func`1 creator)
   at Autofac.Core.Resolving.InstanceLookup.Execute()
   at Autofac.Core.Resolving.ResolveOperation.GetOrCreateInstance(ISharingLifetimeScope currentOperationScope, IComponentRegistration registration, IEnumerable`1 parameters)
   at Autofac.Core.Activators.Reflection.ConstructorParameterBinding.Instantiate()
   at Autofac.Core.Activators.Reflection.ReflectionActivator.ActivateInstance(IComponentContext context, IEnumerable`1 parameters)
   at Autofac.Core.Resolving.InstanceLookup.Activate(IEnumerable`1 parameters)
   --- End of inner exception stack trace ---
   at Autofac.Core.Resolving.InstanceLookup.Activate(IEnumerable`1 parameters)
   at Autofac.Core.Lifetime.LifetimeScope.GetOrCreateAndShare(Guid id, Func`1 creator)
   at Autofac.Core.Resolving.InstanceLookup.Execute()
   at Autofac.Core.Resolving.ResolveOperation.GetOrCreateInstance(ISharingLifetimeScope currentOperationScope, IComponentRegistration registration, IEnumerable`1 parameters)
   at Autofac.Core.Resolving.ResolveOperation.Execute(IComponentRegistration registration, IEnumerable`1 parameters)
   at Autofac.ResolutionExtensions.TryResolveService(IComponentContext context, Service service, IEnumerable`1 parameters, Object& instance)
   at Autofac.ResolutionExtensions.ResolveOptionalService(IComponentContext context, Service service, IEnumerable`1 parameters)
   at Microsoft.Extensions.Internal.ActivatorUtilities.GetService(IServiceProvider sp, Type type, Type requiredBy, Boolean isDefaultParameterRequired)
   at lambda_method(Closure , IServiceProvider , Object[] )
   at Microsoft.AspNetCore.Mvc.Controllers.ControllerFactoryProvider.<>c__DisplayClass5_0.<CreateControllerFactory>g__CreateController0(ControllerContext controllerContext)
   at Microsoft.AspNetCore.Mvc.Internal.ControllerActionInvoker.Next(State& next, Scope& scope, Object& state, Boolean& isCompleted)
   at Microsoft.AspNetCore.Mvc.Internal.ControllerActionInvoker.InvokeInnerFilterAsync()
   at Microsoft.AspNetCore.Mvc.Internal.ResourceInvoker.InvokeNextExceptionFilterAsync()
   at Microsoft.AspNetCore.Mvc.Internal.ResourceInvoker.Rethrow(ExceptionContext context)
   at Microsoft.AspNetCore.Mvc.Internal.ResourceInvoker.Next(State& next, Scope& scope, Object& state, Boolean& isCompleted)
   at Microsoft.AspNetCore.Mvc.Internal.ResourceInvoker.InvokeNextResourceFilter()
   at Microsoft.AspNetCore.Mvc.Internal.ResourceInvoker.Rethrow(ResourceExecutedContext context)
   at Microsoft.AspNetCore.Mvc.Internal.ResourceInvoker.Next(State& next, Scope& scope, Object& state, Boolean& isCompleted)
   at Microsoft.AspNetCore.Mvc.Internal.ResourceInvoker.InvokeFilterPipelineAsync()
   at Microsoft.AspNetCore.Mvc.Internal.ResourceInvoker.InvokeAsync()
   at Microsoft.AspNetCore.Builder.RouterMiddleware.Invoke(HttpContext httpContext)
   at Microsoft.AspNetCore.Cors.Infrastructure.CorsMiddleware.Invoke(HttpContext context)
   at Microsoft.AspNetCore.Diagnostics.DeveloperExceptionPageMiddleware.Invoke(HttpContext context)
2019-08-17 20:37:34.100 -03:00 [Information] Request finished in 21336.9862ms 500 text/html; charset=utf-8
2019-08-17 20:38:10.401 -03:00 [Information] User profile is available. Using '"C:\Users\Walter\AppData\Local\ASP.NET\DataProtection-Keys"' as key repository and Windows DPAPI to encrypt keys at rest.
2019-08-17 20:38:12.458 -03:00 [Information] Request starting HTTP/1.1 GET http://localhost:5000/  
2019-08-17 20:38:12.973 -03:00 [Information] Request finished in 531.8804ms 404 
2019-08-17 20:38:26.512 -03:00 [Information] Request starting HTTP/1.1 POST http://localhost:5000/api/customers application/json 46
2019-08-17 20:38:28.203 -03:00 [Information] Executing action method "Ativ5.WebApi.UseCases.Register.CustomersController.Post (Ativ5.WebApi)" with arguments (["Ativ5.WebApi.UseCases.Register.RegisterRequest"]) - ModelState is Valid
2019-08-17 20:39:17.531 -03:00 [Information] Executed action "Ativ5.WebApi.UseCases.Register.CustomersController.Post (Ativ5.WebApi)" in 50774.6193ms
2019-08-17 20:39:17.544 -03:00 [Error] An unhandled exception has occurred while executing the request
System.TimeoutException: A timeout occured after 30000ms selecting a server using CompositeServerSelector{ Selectors = WritableServerSelector, LatencyLimitingServerSelector{ AllowedLatencyRange = 00:00:00.0150000 } }. Client view of cluster state is { ClusterId : "1", ConnectionMode : "Automatic", Type : "Unknown", State : "Disconnected", Servers : [{ ServerId: "{ ClusterId : 1, EndPoint : "10.0.75.1:27017" }", EndPoint: "10.0.75.1:27017", State: "Disconnected", Type: "Unknown", HeartbeatException: "MongoDB.Driver.MongoConnectionException: An exception occurred while opening a connection to the server. ---> System.Net.Internals.SocketExceptionFactory+ExtendedSocketException: Uma tentativa de conexo falhou porque o componente conectado no respondeu
corretamente aps um perodo de tempo ou a conexo estabelecida falhou
porque o host conectado no respondeu 10.0.75.1:27017
   at System.Net.Sockets.Socket.DoConnect(EndPoint endPointSnapshot, SocketAddress socketAddress)
   at System.Net.Sockets.Socket.Connect(EndPoint remoteEP)
   at System.Threading.ExecutionContext.RunInternal(ExecutionContext executionContext, ContextCallback callback, Object state)
--- End of stack trace from previous location where exception was thrown ---
   at System.Threading.Tasks.Task.ExecuteWithThreadLocal(Task& currentTaskSlot)
--- End of stack trace from previous location where exception was thrown ---
   at MongoDB.Driver.Core.Connections.TcpStreamFactory.ConnectAsync(Socket socket, EndPoint endPoint, CancellationToken cancellationToken)
   at MongoDB.Driver.Core.Connections.TcpStreamFactory.CreateStreamAsync(EndPoint endPoint, CancellationToken cancellationToken)
   at MongoDB.Driver.Core.Connections.BinaryConnection.OpenHelperAsync(CancellationToken cancellationToken)
   --- End of inner exception stack trace ---
   at MongoDB.Driver.Core.Connections.BinaryConnection.OpenHelperAsync(CancellationToken cancellationToken)
   at MongoDB.Driver.Core.Servers.ServerMonitor.HeartbeatAsync(CancellationToken cancellationToken)" }] }.
   at MongoDB.Driver.Core.Clusters.Cluster.ThrowTimeoutException(IServerSelector selector, ClusterDescription description)
   at MongoDB.Driver.Core.Clusters.Cluster.WaitForDescriptionChangedHelper.HandleCompletedTask(Task completedTask)
   at MongoDB.Driver.Core.Clusters.Cluster.WaitForDescriptionChangedAsync(IServerSelector selector, ClusterDescription description, Task descriptionChangedTask, TimeSpan timeout, CancellationToken cancellationToken)
   at MongoDB.Driver.Core.Clusters.Cluster.SelectServerAsync(IServerSelector selector, CancellationToken cancellationToken)
   at MongoDB.Driver.Core.Bindings.WritableServerBinding.GetWriteChannelSourceAsync(CancellationToken cancellationToken)
   at MongoDB.Driver.Core.Operations.BulkMixedWriteOperation.ExecuteAsync(IWriteBinding binding, CancellationToken cancellationToken)
   at MongoDB.Driver.OperationExecutor.ExecuteWriteOperationAsync[TResult](IWriteBinding binding, IWriteOperation`1 operation, CancellationToken cancellationToken)
   at MongoDB.Driver.MongoCollectionImpl`1.ExecuteWriteOperationAsync[TResult](IWriteOperation`1 operation, CancellationToken cancellationToken)
   at MongoDB.Driver.MongoCollectionImpl`1.BulkWriteAsync(IEnumerable`1 requests, BulkWriteOptions options, CancellationToken cancellationToken)
   at MongoDB.Driver.MongoCollectionBase`1.InsertOneAsync(TDocument document, InsertOneOptions options, CancellationToken cancellationToken)
   at Ativ5.Infrastructure.MongoDataAccess.CustomerRepository.Add(Customer customer) in E:\Library\Desktop\PosPuc\APA\Projeto\Ativ5\Ativ5.Infrastructure\MongoDataAccess\CustomerRepository.cs:line 29
   at Ativ5.Application.UseCases.Register.RegisterInteractor.Process(RegisterInput input) in E:\Library\Desktop\PosPuc\APA\Projeto\Ativ5\Ativ5.Application\UseCases\Register\RegisterInteractor.cs:line 35
   at Ativ5.WebApi.UseCases.Register.CustomersController.Post(RegisterRequest message) in E:\Library\Desktop\PosPuc\APA\Projeto\Ativ5\Ativ5.WebApi\UseCases\Register\CustomersController.cs:line 29
   at Microsoft.AspNetCore.Mvc.Internal.ControllerActionInvoker.InvokeActionMethodAsync()
   at Microsoft.AspNetCore.Mvc.Internal.ControllerActionInvoker.InvokeNextActionFilterAsync()
   at Microsoft.AspNetCore.Mvc.Internal.ControllerActionInvoker.Rethrow(ActionExecutedContext context)
   at Microsoft.AspNetCore.Mvc.Internal.ControllerActionInvoker.Next(State& next, Scope& scope, Object& state, Boolean& isCompleted)
   at Microsoft.AspNetCore.Mvc.Internal.ControllerActionInvoker.InvokeInnerFilterAsync()
   at Microsoft.AspNetCore.Mvc.Internal.ResourceInvoker.InvokeNextExceptionFilterAsync()
   at Microsoft.AspNetCore.Mvc.Internal.ResourceInvoker.Rethrow(ExceptionContext context)
   at Microsoft.AspNetCore.Mvc.Internal.ResourceInvoker.Next(State& next, Scope& scope, Object& state, Boolean& isCompleted)
   at Microsoft.AspNetCore.Mvc.Internal.ResourceInvoker.InvokeNextResourceFilter()
   at Microsoft.AspNetCore.Mvc.Internal.ResourceInvoker.Rethrow(ResourceExecutedContext context)
   at Microsoft.AspNetCore.Mvc.Internal.ResourceInvoker.Next(State& next, Scope& scope, Object& state, Boolean& isCompleted)
   at Microsoft.AspNetCore.Mvc.Internal.ResourceInvoker.InvokeFilterPipelineAsync()
   at Microsoft.AspNetCore.Mvc.Internal.ResourceInvoker.InvokeAsync()
   at Microsoft.AspNetCore.Builder.RouterMiddleware.Invoke(HttpContext httpContext)
   at Microsoft.AspNetCore.Cors.Infrastructure.CorsMiddleware.Invoke(HttpContext context)
   at Microsoft.AspNetCore.Diagnostics.DeveloperExceptionPageMiddleware.Invoke(HttpContext context)
2019-08-17 20:39:17.847 -03:00 [Information] Request finished in 51334.9605ms 500 text/html; charset=utf-8
2019-08-17 20:42:39.835 -03:00 [Information] User profile is available. Using '"C:\Users\Walter\AppData\Local\ASP.NET\DataProtection-Keys"' as key repository and Windows DPAPI to encrypt keys at rest.
2019-08-17 20:42:42.124 -03:00 [Information] Request starting HTTP/1.1 POST http://localhost:5000/api/customers application/json 46
2019-08-17 20:42:42.123 -03:00 [Information] Request starting HTTP/1.1 GET http://localhost:5000/  
2019-08-17 20:42:42.805 -03:00 [Information] Request finished in 699.5455ms 404 
2019-08-17 20:42:44.907 -03:00 [Information] Executing action method "Ativ5.WebApi.UseCases.Register.CustomersController.Post (Ativ5.WebApi)" with arguments (["Ativ5.WebApi.UseCases.Register.RegisterRequest"]) - ModelState is Valid
2019-08-17 20:43:51.255 -03:00 [Information] Executed action "Ativ5.WebApi.UseCases.Register.CustomersController.Post (Ativ5.WebApi)" in 68283.851ms
2019-08-17 20:43:51.265 -03:00 [Error] An unhandled exception has occurred while executing the request
System.TimeoutException: A timeout occured after 30000ms selecting a server using CompositeServerSelector{ Selectors = WritableServerSelector, LatencyLimitingServerSelector{ AllowedLatencyRange = 00:00:00.0150000 } }. Client view of cluster state is { ClusterId : "1", ConnectionMode : "Automatic", Type : "Unknown", State : "Disconnected", Servers : [{ ServerId: "{ ClusterId : 1, EndPoint : "10.0.75.1:27017" }", EndPoint: "10.0.75.1:27017", State: "Disconnected", Type: "Unknown", HeartbeatException: "MongoDB.Driver.MongoConnectionException: An exception occurred while opening a connection to the server. ---> System.Net.Internals.SocketExceptionFactory+ExtendedSocketException: Uma tentativa de conexo falhou porque o componente conectado no respondeu
corretamente aps um perodo de tempo ou a conexo estabelecida falhou
porque o host conectado no respondeu 10.0.75.1:27017
   at System.Net.Sockets.Socket.DoConnect(EndPoint endPointSnapshot, SocketAddress socketAddress)
   at System.Net.Sockets.Socket.Connect(EndPoint remoteEP)
   at System.Threading.ExecutionContext.RunInternal(ExecutionContext executionContext, ContextCallback callback, Object state)
--- End of stack trace from previous location where exception was thrown ---
   at System.Threading.Tasks.Task.ExecuteWithThreadLocal(Task& currentTaskSlot)
--- End of stack trace from previous location where exception was thrown ---
   at MongoDB.Driver.Core.Connections.TcpStreamFactory.ConnectAsync(Socket socket, EndPoint endPoint, CancellationToken cancellationToken)
   at MongoDB.Driver.Core.Connections.TcpStreamFactory.CreateStreamAsync(EndPoint endPoint, CancellationToken cancellationToken)
   at MongoDB.Driver.Core.Connections.BinaryConnection.OpenHelperAsync(CancellationToken cancellationToken)
   --- End of inner exception stack trace ---
   at MongoDB.Driver.Core.Connections.BinaryConnection.OpenHelperAsync(CancellationToken cancellationToken)
   at MongoDB.Driver.Core.Servers.ServerMonitor.HeartbeatAsync(CancellationToken cancellationToken)" }] }.
   at MongoDB.Driver.Core.Clusters.Cluster.ThrowTimeoutException(IServerSelector selector, ClusterDescription description)
   at MongoDB.Driver.Core.Clusters.Cluster.WaitForDescriptionChangedHelper.HandleCompletedTask(Task completedTask)
   at MongoDB.Driver.Core.Clusters.Cluster.WaitForDescriptionChangedAsync(IServerSelector selector, ClusterDescription description, Task descriptionChangedTask, TimeSpan timeout, CancellationToken cancellationToken)
   at MongoDB.Driver.Core.Clusters.Cluster.SelectServerAsync(IServerSelector selector, CancellationToken cancellationToken)
   at MongoDB.Driver.Core.Bindings.WritableServerBinding.GetWriteChannelSourceAsync(CancellationToken cancellationToken)
   at MongoDB.Driver.Core.Operations.BulkMixedWriteOperation.ExecuteAsync(IWriteBinding binding, CancellationToken cancellationToken)
   at MongoDB.Driver.OperationExecutor.ExecuteWriteOperationAsync[TResult](IWriteBinding binding, IWriteOperation`1 operation, CancellationToken cancellationToken)
   at MongoDB.Driver.MongoCollectionImpl`1.ExecuteWriteOperationAsync[TResult](IWriteOperation`1 operation, CancellationToken cancellationToken)
   at MongoDB.Driver.MongoCollectionImpl`1.BulkWriteAsync(IEnumerable`1 requests, BulkWriteOptions options, CancellationToken cancellationToken)
   at MongoDB.Driver.MongoCollectionBase`1.InsertOneAsync(TDocument document, InsertOneOptions options, CancellationToken cancellationToken)
   at Ativ5.Infrastructure.MongoDataAccess.CustomerRepository.Add(Customer customer) in E:\Library\Desktop\PosPuc\APA\Projeto\Ativ5\Ativ5.Infrastructure\MongoDataAccess\CustomerRepository.cs:line 29
   at Ativ5.Application.UseCases.Register.RegisterInteractor.Process(RegisterInput input) in E:\Library\Desktop\PosPuc\APA\Projeto\Ativ5\Ativ5.Application\UseCases\Register\RegisterInteractor.cs:line 35
   at Ativ5.WebApi.UseCases.Register.CustomersController.Post(RegisterRequest message) in E:\Library\Desktop\PosPuc\APA\Projeto\Ativ5\Ativ5.WebApi\UseCases\Register\CustomersController.cs:line 29
   at Microsoft.AspNetCore.Mvc.Internal.ControllerActionInvoker.InvokeActionMethodAsync()
   at Microsoft.AspNetCore.Mvc.Internal.ControllerActionInvoker.InvokeNextActionFilterAsync()
   at Microsoft.AspNetCore.Mvc.Internal.ControllerActionInvoker.Rethrow(ActionExecutedContext context)
   at Microsoft.AspNetCore.Mvc.Internal.ControllerActionInvoker.Next(State& next, Scope& scope, Object& state, Boolean& isCompleted)
   at Microsoft.AspNetCore.Mvc.Internal.ControllerActionInvoker.InvokeInnerFilterAsync()
   at Microsoft.AspNetCore.Mvc.Internal.ResourceInvoker.InvokeNextExceptionFilterAsync()
   at Microsoft.AspNetCore.Mvc.Internal.ResourceInvoker.Rethrow(ExceptionContext context)
   at Microsoft.AspNetCore.Mvc.Internal.ResourceInvoker.Next(State& next, Scope& scope, Object& state, Boolean& isCompleted)
   at Microsoft.AspNetCore.Mvc.Internal.ResourceInvoker.InvokeNextResourceFilter()
   at Microsoft.AspNetCore.Mvc.Internal.ResourceInvoker.Rethrow(ResourceExecutedContext context)
   at Microsoft.AspNetCore.Mvc.Internal.ResourceInvoker.Next(State& next, Scope& scope, Object& state, Boolean& isCompleted)
   at Microsoft.AspNetCore.Mvc.Internal.ResourceInvoker.InvokeFilterPipelineAsync()
   at Microsoft.AspNetCore.Mvc.Internal.ResourceInvoker.InvokeAsync()
   at Microsoft.AspNetCore.Builder.RouterMiddleware.Invoke(HttpContext httpContext)
   at Microsoft.AspNetCore.Cors.Infrastructure.CorsMiddleware.Invoke(HttpContext context)
   at Microsoft.AspNetCore.Diagnostics.DeveloperExceptionPageMiddleware.Invoke(HttpContext context)
2019-08-17 20:43:51.524 -03:00 [Information] Request finished in 69452.751ms 500 text/html; charset=utf-8
2019-08-17 23:35:05.878 -03:00 [Information] Request starting HTTP/1.1 POST http://localhost:5000/api/customers application/json 46
2019-08-17 23:35:05.911 -03:00 [Information] Executing action method "Ativ5.WebApi.UseCases.Register.CustomersController.Post (Ativ5.WebApi)" with arguments (["Ativ5.WebApi.UseCases.Register.RegisterRequest"]) - ModelState is Valid
2019-08-17 23:35:41.846 -03:00 [Information] Executed action "Ativ5.WebApi.UseCases.Register.CustomersController.Post (Ativ5.WebApi)" in 35957.0118ms
2019-08-17 23:35:41.847 -03:00 [Error] An unhandled exception has occurred while executing the request
System.TimeoutException: A timeout occured after 30000ms selecting a server using CompositeServerSelector{ Selectors = WritableServerSelector, LatencyLimitingServerSelector{ AllowedLatencyRange = 00:00:00.0150000 } }. Client view of cluster state is { ClusterId : "1", ConnectionMode : "Automatic", Type : "Unknown", State : "Disconnected", Servers : [{ ServerId: "{ ClusterId : 1, EndPoint : "10.0.75.1:27017" }", EndPoint: "10.0.75.1:27017", State: "Disconnected", Type: "Unknown", HeartbeatException: "MongoDB.Driver.MongoConnectionException: An exception occurred while opening a connection to the server. ---> System.Net.Internals.SocketExceptionFactory+ExtendedSocketException: Uma tentativa de conexo falhou porque o componente conectado no respondeu
corretamente aps um perodo de tempo ou a conexo estabelecida falhou
porque o host conectado no respondeu 10.0.75.1:27017
   at System.Net.Sockets.Socket.DoConnect(EndPoint endPointSnapshot, SocketAddress socketAddress)
   at System.Net.Sockets.Socket.Connect(EndPoint remoteEP)
   at System.Threading.ExecutionContext.RunInternal(ExecutionContext executionContext, ContextCallback callback, Object state)
--- End of stack trace from previous location where exception was thrown ---
   at System.Threading.Tasks.Task.ExecuteWithThreadLocal(Task& currentTaskSlot)
--- End of stack trace from previous location where exception was thrown ---
   at MongoDB.Driver.Core.Connections.TcpStreamFactory.ConnectAsync(Socket socket, EndPoint endPoint, CancellationToken cancellationToken)
   at MongoDB.Driver.Core.Connections.TcpStreamFactory.CreateStreamAsync(EndPoint endPoint, CancellationToken cancellationToken)
   at MongoDB.Driver.Core.Connections.BinaryConnection.OpenHelperAsync(CancellationToken cancellationToken)
   --- End of inner exception stack trace ---
   at MongoDB.Driver.Core.Connections.BinaryConnection.OpenHelperAsync(CancellationToken cancellationToken)
   at MongoDB.Driver.Core.Servers.ServerMonitor.HeartbeatAsync(CancellationToken cancellationToken)" }] }.
   at MongoDB.Driver.Core.Clusters.Cluster.ThrowTimeoutException(IServerSelector selector, ClusterDescription description)
   at MongoDB.Driver.Core.Clusters.Cluster.WaitForDescriptionChangedHelper.HandleCompletedTask(Task completedTask)
   at MongoDB.Driver.Core.Clusters.Cluster.WaitForDescriptionChangedAsync(IServerSelector selector, ClusterDescription description, Task descriptionChangedTask, TimeSpan timeout, CancellationToken cancellationToken)
   at MongoDB.Driver.Core.Clusters.Cluster.SelectServerAsync(IServerSelector selector, CancellationToken cancellationToken)
   at MongoDB.Driver.Core.Bindings.WritableServerBinding.GetWriteChannelSourceAsync(CancellationToken cancellationToken)
   at MongoDB.Driver.Core.Operations.BulkMixedWriteOperation.ExecuteAsync(IWriteBinding binding, CancellationToken cancellationToken)
   at MongoDB.Driver.OperationExecutor.ExecuteWriteOperationAsync[TResult](IWriteBinding binding, IWriteOperation`1 operation, CancellationToken cancellationToken)
   at MongoDB.Driver.MongoCollectionImpl`1.ExecuteWriteOperationAsync[TResult](IWriteOperation`1 operation, CancellationToken cancellationToken)
   at MongoDB.Driver.MongoCollectionImpl`1.BulkWriteAsync(IEnumerable`1 requests, BulkWriteOptions options, CancellationToken cancellationToken)
   at MongoDB.Driver.MongoCollectionBase`1.InsertOneAsync(TDocument document, InsertOneOptions options, CancellationToken cancellationToken)
   at Ativ5.Infrastructure.MongoDataAccess.CustomerRepository.Add(Customer customer) in E:\Library\Desktop\PosPuc\APA\Projeto\Ativ5\Ativ5.Infrastructure\MongoDataAccess\CustomerRepository.cs:line 29
   at Ativ5.Application.UseCases.Register.RegisterInteractor.Process(RegisterInput input) in E:\Library\Desktop\PosPuc\APA\Projeto\Ativ5\Ativ5.Application\UseCases\Register\RegisterInteractor.cs:line 35
   at Ativ5.WebApi.UseCases.Register.CustomersController.Post(RegisterRequest message) in E:\Library\Desktop\PosPuc\APA\Projeto\Ativ5\Ativ5.WebApi\UseCases\Register\CustomersController.cs:line 29
   at Microsoft.AspNetCore.Mvc.Internal.ControllerActionInvoker.InvokeActionMethodAsync()
   at Microsoft.AspNetCore.Mvc.Internal.ControllerActionInvoker.InvokeNextActionFilterAsync()
   at Microsoft.AspNetCore.Mvc.Internal.ControllerActionInvoker.Rethrow(ActionExecutedContext context)
   at Microsoft.AspNetCore.Mvc.Internal.ControllerActionInvoker.Next(State& next, Scope& scope, Object& state, Boolean& isCompleted)
   at Microsoft.AspNetCore.Mvc.Internal.ControllerActionInvoker.InvokeInnerFilterAsync()
   at Microsoft.AspNetCore.Mvc.Internal.ResourceInvoker.InvokeNextExceptionFilterAsync()
   at Microsoft.AspNetCore.Mvc.Internal.ResourceInvoker.Rethrow(ExceptionContext context)
   at Microsoft.AspNetCore.Mvc.Internal.ResourceInvoker.Next(State& next, Scope& scope, Object& state, Boolean& isCompleted)
   at Microsoft.AspNetCore.Mvc.Internal.ResourceInvoker.InvokeNextResourceFilter()
   at Microsoft.AspNetCore.Mvc.Internal.ResourceInvoker.Rethrow(ResourceExecutedContext context)
   at Microsoft.AspNetCore.Mvc.Internal.ResourceInvoker.Next(State& next, Scope& scope, Object& state, Boolean& isCompleted)
   at Microsoft.AspNetCore.Mvc.Internal.ResourceInvoker.InvokeFilterPipelineAsync()
   at Microsoft.AspNetCore.Mvc.Internal.ResourceInvoker.InvokeAsync()
   at Microsoft.AspNetCore.Builder.RouterMiddleware.Invoke(HttpContext httpContext)
   at Microsoft.AspNetCore.Cors.Infrastructure.CorsMiddleware.Invoke(HttpContext context)
   at Microsoft.AspNetCore.Diagnostics.DeveloperExceptionPageMiddleware.Invoke(HttpContext context)
2019-08-17 23:35:42.045 -03:00 [Information] Request finished in 36167.0095ms 500 text/html; charset=utf-8
2019-08-17 23:35:58.313 -03:00 [Information] Request starting HTTP/1.1 POST http://localhost:5000/api/customers application/json 46
2019-08-17 23:35:58.333 -03:00 [Information] Executing action method "Ativ5.WebApi.UseCases.Register.CustomersController.Post (Ativ5.WebApi)" with arguments (["Ativ5.WebApi.UseCases.Register.RegisterRequest"]) - ModelState is Valid
2019-08-17 23:36:37.784 -03:00 [Information] Executed action "Ativ5.WebApi.UseCases.Register.CustomersController.Post (Ativ5.WebApi)" in 39466.8948ms
2019-08-17 23:36:37.785 -03:00 [Error] An unhandled exception has occurred while executing the request
System.TimeoutException: A timeout occured after 30000ms selecting a server using CompositeServerSelector{ Selectors = WritableServerSelector, LatencyLimitingServerSelector{ AllowedLatencyRange = 00:00:00.0150000 } }. Client view of cluster state is { ClusterId : "1", ConnectionMode : "Automatic", Type : "Unknown", State : "Disconnected", Servers : [{ ServerId: "{ ClusterId : 1, EndPoint : "10.0.75.1:27017" }", EndPoint: "10.0.75.1:27017", State: "Disconnected", Type: "Unknown", HeartbeatException: "MongoDB.Driver.MongoConnectionException: An exception occurred while opening a connection to the server. ---> System.Net.Internals.SocketExceptionFactory+ExtendedSocketException: Uma tentativa de conexo falhou porque o componente conectado no respondeu
corretamente aps um perodo de tempo ou a conexo estabelecida falhou
porque o host conectado no respondeu 10.0.75.1:27017
   at System.Net.Sockets.Socket.DoConnect(EndPoint endPointSnapshot, SocketAddress socketAddress)
   at System.Net.Sockets.Socket.Connect(EndPoint remoteEP)
   at System.Threading.ExecutionContext.RunInternal(ExecutionContext executionContext, ContextCallback callback, Object state)
--- End of stack trace from previous location where exception was thrown ---
   at System.Threading.Tasks.Task.ExecuteWithThreadLocal(Task& currentTaskSlot)
--- End of stack trace from previous location where exception was thrown ---
   at MongoDB.Driver.Core.Connections.TcpStreamFactory.ConnectAsync(Socket socket, EndPoint endPoint, CancellationToken cancellationToken)
   at MongoDB.Driver.Core.Connections.TcpStreamFactory.CreateStreamAsync(EndPoint endPoint, CancellationToken cancellationToken)
   at MongoDB.Driver.Core.Connections.BinaryConnection.OpenHelperAsync(CancellationToken cancellationToken)
   --- End of inner exception stack trace ---
   at MongoDB.Driver.Core.Connections.BinaryConnection.OpenHelperAsync(CancellationToken cancellationToken)
   at MongoDB.Driver.Core.Servers.ServerMonitor.HeartbeatAsync(CancellationToken cancellationToken)" }] }.
   at MongoDB.Driver.Core.Clusters.Cluster.ThrowTimeoutException(IServerSelector selector, ClusterDescription description)
   at MongoDB.Driver.Core.Clusters.Cluster.WaitForDescriptionChangedHelper.HandleCompletedTask(Task completedTask)
   at MongoDB.Driver.Core.Clusters.Cluster.WaitForDescriptionChangedAsync(IServerSelector selector, ClusterDescription description, Task descriptionChangedTask, TimeSpan timeout, CancellationToken cancellationToken)
   at MongoDB.Driver.Core.Clusters.Cluster.SelectServerAsync(IServerSelector selector, CancellationToken cancellationToken)
   at MongoDB.Driver.Core.Bindings.WritableServerBinding.GetWriteChannelSourceAsync(CancellationToken cancellationToken)
   at MongoDB.Driver.Core.Operations.BulkMixedWriteOperation.ExecuteAsync(IWriteBinding binding, CancellationToken cancellationToken)
   at MongoDB.Driver.OperationExecutor.ExecuteWriteOperationAsync[TResult](IWriteBinding binding, IWriteOperation`1 operation, CancellationToken cancellationToken)
   at MongoDB.Driver.MongoCollectionImpl`1.ExecuteWriteOperationAsync[TResult](IWriteOperation`1 operation, CancellationToken cancellationToken)
   at MongoDB.Driver.MongoCollectionImpl`1.BulkWriteAsync(IEnumerable`1 requests, BulkWriteOptions options, CancellationToken cancellationToken)
   at MongoDB.Driver.MongoCollectionBase`1.InsertOneAsync(TDocument document, InsertOneOptions options, CancellationToken cancellationToken)
   at Ativ5.Infrastructure.MongoDataAccess.CustomerRepository.Add(Customer customer) in E:\Library\Desktop\PosPuc\APA\Projeto\Ativ5\Ativ5.Infrastructure\MongoDataAccess\CustomerRepository.cs:line 29
   at Ativ5.Application.UseCases.Register.RegisterInteractor.Process(RegisterInput input) in E:\Library\Desktop\PosPuc\APA\Projeto\Ativ5\Ativ5.Application\UseCases\Register\RegisterInteractor.cs:line 35
   at Ativ5.WebApi.UseCases.Register.CustomersController.Post(RegisterRequest message) in E:\Library\Desktop\PosPuc\APA\Projeto\Ativ5\Ativ5.WebApi\UseCases\Register\CustomersController.cs:line 29
   at Microsoft.AspNetCore.Mvc.Internal.ControllerActionInvoker.InvokeActionMethodAsync()
   at Microsoft.AspNetCore.Mvc.Internal.ControllerActionInvoker.InvokeNextActionFilterAsync()
   at Microsoft.AspNetCore.Mvc.Internal.ControllerActionInvoker.Rethrow(ActionExecutedContext context)
   at Microsoft.AspNetCore.Mvc.Internal.ControllerActionInvoker.Next(State& next, Scope& scope, Object& state, Boolean& isCompleted)
   at Microsoft.AspNetCore.Mvc.Internal.ControllerActionInvoker.InvokeInnerFilterAsync()
   at Microsoft.AspNetCore.Mvc.Internal.ResourceInvoker.InvokeNextExceptionFilterAsync()
   at Microsoft.AspNetCore.Mvc.Internal.ResourceInvoker.Rethrow(ExceptionContext context)
   at Microsoft.AspNetCore.Mvc.Internal.ResourceInvoker.Next(State& next, Scope& scope, Object& state, Boolean& isCompleted)
   at Microsoft.AspNetCore.Mvc.Internal.ResourceInvoker.InvokeNextResourceFilter()
   at Microsoft.AspNetCore.Mvc.Internal.ResourceInvoker.Rethrow(ResourceExecutedContext context)
   at Microsoft.AspNetCore.Mvc.Internal.ResourceInvoker.Next(State& next, Scope& scope, Object& state, Boolean& isCompleted)
   at Microsoft.AspNetCore.Mvc.Internal.ResourceInvoker.InvokeFilterPipelineAsync()
   at Microsoft.AspNetCore.Mvc.Internal.ResourceInvoker.InvokeAsync()
   at Microsoft.AspNetCore.Builder.RouterMiddleware.Invoke(HttpContext httpContext)
   at Microsoft.AspNetCore.Cors.Infrastructure.CorsMiddleware.Invoke(HttpContext context)
   at Microsoft.AspNetCore.Diagnostics.DeveloperExceptionPageMiddleware.Invoke(HttpContext context)
2019-08-17 23:36:37.802 -03:00 [Information] Request finished in 39489.7195ms 500 text/html; charset=utf-8
2019-08-17 23:41:32.089 -03:00 [Information] User profile is available. Using '"C:\Users\Walter\AppData\Local\ASP.NET\DataProtection-Keys"' as key repository and Windows DPAPI to encrypt keys at rest.
2019-08-17 23:41:34.894 -03:00 [Information] Request starting HTTP/1.1 GET http://localhost:5000/  
2019-08-17 23:41:35.450 -03:00 [Information] Request finished in 588.5636ms 404 
